<?xml version="1.0" encoding="UTF-8"?>
<!-- Generated by org.testng.reporters.JUnitXMLReporter -->
<testsuite ignored="0" hostname="LAPTOP-38LGFA2I" failures="0" tests="7" name="Default test" time="666.44" errors="0" timestamp="2020-09-20T00:32:48 IST">
  <testcase classname="com.testclass.UnitIntegrationTests" name="TS_ValidateTheHomePageShopEasy" time="255.224"/>
  <testcase classname="com.testclass.UnitIntegrationTests" name="TS_ValidateAlltheLinks" time="79.393"/>
  <testcase classname="com.testclass.UnitIntegrationTests" name="TS_ValidateCreateUser" time="19.574"/>
  <testcase classname="com.testclass.UnitIntegrationTests" name="TS_ValidateLoginUser" time="109.884"/>
  <testcase classname="com.testclass.UnitIntegrationTests" name="TS_ValidateLoginUserPerformActions" time="128.707"/>
  <testcase classname="com.testclass.UnitIntegrationTests" name="TS_ValidateLogoutUser" time="40.863"/>
  <testcase classname="com.testclass.UnitIntegrationTests" name="TS_ValidateContactUsPage" time="25.249"/>
</testsuite> <!-- Default test -->
