<?xml version="1.0" encoding="UTF-8"?>
<!-- Generated by org.testng.reporters.JUnitXMLReporter -->
<testsuite ignored="0" hostname="LAPTOP-38LGFA2I" failures="0" tests="7" name="Test" time="113.471" errors="0" timestamp="2020-09-20T00:37:03 IST">
  <testcase classname="com.testclass.UnitIntegrationTests" name="TS_ValidateTheHomePageShopEasy" time="10.078"/>
  <testcase classname="com.testclass.UnitIntegrationTests" name="TS_ValidateAlltheLinks" time="30.614"/>
  <testcase classname="com.testclass.UnitIntegrationTests" name="TS_ValidateCreateUser" time="19.838"/>
  <testcase classname="com.testclass.UnitIntegrationTests" name="TS_ValidateLoginUser" time="17.099"/>
  <testcase classname="com.testclass.UnitIntegrationTests" name="TS_ValidateLoginUserPerformActions" time="6.085"/>
  <testcase classname="com.testclass.UnitIntegrationTests" name="TS_ValidateLogoutUser" time="4.199"/>
  <testcase classname="com.testclass.UnitIntegrationTests" name="TS_ValidateContactUsPage" time="16.994"/>
</testsuite> <!-- Test -->
