<?xml version="1.0" encoding="UTF-8"?>
<!-- Generated by org.testng.reporters.JUnitXMLReporter -->
<testsuite hostname="LAPTOP-38LGFA2I" failures="0" tests="7" name="Test" time="110.807" errors="0" timestamp="19 Sep 2020 19:12:44 GMT">
  <testcase classname="com.testclass.UnitIntegrationTests" name="TS_ValidateTheHomePageShopEasy" time="10.072"/>
  <testcase classname="com.testclass.UnitIntegrationTests" name="TS_ValidateAlltheLinks" time="30.495"/>
  <testcase classname="com.testclass.UnitIntegrationTests" name="TS_ValidateCreateUser" time="19.265"/>
  <testcase classname="com.testclass.UnitIntegrationTests" name="TS_ValidateLoginUser" time="16.812"/>
  <testcase classname="com.testclass.UnitIntegrationTests" name="TS_ValidateLoginUserPerformActions" time="5.406"/>
  <testcase classname="com.testclass.UnitIntegrationTests" name="TS_ValidateLogoutUser" time="4.201"/>
  <testcase classname="com.testclass.UnitIntegrationTests" name="TS_ValidateContactUsPage" time="17.069"/>
</testsuite> <!-- Test -->
