<?xml version="1.0" encoding="UTF-8"?>
<testsuite name="TestSuite" time="103.32" tests="7" errors="0" skipped="0" failures="0">
  <properties>
[...]
</properties>
  <testcase name="TS_ValidateTheHomePageShopEasy" classname="com.testclass.UnitIntegrationTests" time="10.074"/>
  <testcase name="TS_ValidateAlltheLinks" classname="com.testclass.UnitIntegrationTests" time="30.494"/>
  <testcase name="TS_ValidateCreateUser" classname="com.testclass.UnitIntegrationTests" time="19.264"/>
  <testcase name="TS_ValidateLoginUser" classname="com.testclass.UnitIntegrationTests" time="16.811"/>
  <testcase name="TS_ValidateLoginUserPerformActions" classname="com.testclass.UnitIntegrationTests" time="5.407"/>
  <testcase name="TS_ValidateLogoutUser" classname="com.testclass.UnitIntegrationTests" time="4.201"/>
  <testcase name="TS_ValidateContactUsPage" classname="com.testclass.UnitIntegrationTests" time="17.069"/>
</testsuite>